[20251224-00:24:44] [INFO] [Main.py] Initializing 4 parallel environments...
[20251224-00:24:44] [INFO] [Main.py] Initializing NEW MaskablePPO model...
[20251224-00:30:21] [INFO] [Main.py] Initializing 4 parallel environments...
[20251224-00:30:21] [INFO] [Main.py] Initializing NEW MaskablePPO model...
[20251224-00:30:25] [INFO] [Main.py] STARTING TRAINING: Target 50000 steps.
[20251224-00:33:06] [INFO] [Main.py] Initializing 4 parallel environments...
[20251224-00:35:41] [INFO] [Main.py] Initializing 4 parallel environments...
[20251224-00:35:41] [INFO] [Main.py] Initializing NEW MaskablePPO model...
[20251224-00:35:45] [INFO] [Main.py] STARTING TRAINING: Target 50000 steps.
[20251224-00:37:34] [INFO] [Main.py] Initializing 4 parallel environments...
[20251224-00:37:34] [INFO] [Main.py] Initializing NEW MaskablePPO model...
[20251224-00:37:37] [INFO] [Main.py] STARTING TRAINING: Target 50000 steps.
[20251224-00:38:28] [INFO] [Main.py] Initializing 4 parallel environments...
[20251224-00:38:29] [INFO] [Main.py] Initializing NEW MaskablePPO model...
[20251224-00:38:32] [INFO] [Main.py] STARTING TRAINING: Target 50000 steps.
[20251224-00:50:27] [INFO] [Main.py] Initializing 4 parallel environments...
[20251224-00:50:27] [INFO] [Main.py] Initializing NEW MaskablePPO model...
[20251224-00:50:31] [INFO] [Main.py] STARTING TRAINING: Target 50000 steps.
[20251224-23:08:01] [INFO] [Main.py] Using device: cpu
[20251224-23:08:01] [INFO] [Main.py] Spawning 4 workers via SubprocVecEnv...
[20251224-23:08:28] [INFO] [Main.py] Training Start...
[20251225-11:33:07] [INFO] [Main.py] Evaluating model: d:\'Uni Material\IU CAPSTONE\master_capstone\CAPSTONER_repo\models\VRPTW_1224_1644\vrp_model_530000_steps.zip
[20251225-11:36:23] [INFO] [Main.py] Using device: cpu
[20251225-11:36:23] [INFO] [Main.py] Spawning 4 workers via SubprocVecEnv...
[20251225-11:38:20] [INFO] [Main.py] Using device: cpu
[20251225-11:38:20] [INFO] [Main.py] Spawning 4 workers via SubprocVecEnv...
[20251225-11:38:41] [INFO] [Main.py] Resuming training from models/VRPTW_1224_1644/vrp_model_530000_steps.zip...
[20251225-11:51:25] [INFO] [Main.py] Using device: cpu
[20251225-11:51:25] [INFO] [Main.py] Spawning 4 workers via SubprocVecEnv...
[20251225-11:51:34] [INFO] [Main.py] Resuming training from models/VRPTW_1224_1644/vrp_model_530000_steps.zip...
[20251225-11:51:39] [INFO] [Main.py] Training Start...
[20251225-11:55:38] [INFO] [Main.py] Using device: cpu
[20251225-11:55:38] [INFO] [Main.py] Spawning 4 workers via SubprocVecEnv...
[20251225-12:11:47] [INFO] [Main.py] Using device: cuda
[20251225-12:11:47] [INFO] [Main.py] Spawning 4 workers...
[20251225-12:11:57] [INFO] [Main.py] Resuming training from models/VRPTW_1224_1644/vrp_model_530000_steps.zip...
[20251225-12:11:57] [INFO] [Main.py]    Current Progress: 530000 steps
[20251225-12:18:25] [INFO] [Main.py] Training interrupted manually. Saving current state...
